TN:
SF:app.js
FN:23,(anonymous_0)
FNF:1
FNH:1
FNDA:27,(anonymous_0)
DA:1,2
DA:2,2
DA:3,2
DA:4,2
DA:5,2
DA:6,2
DA:7,2
DA:8,2
DA:15,2
DA:17,2
DA:18,2
DA:19,2
DA:20,2
DA:22,2
DA:23,27
DA:24,2
DA:30,2
DA:31,2
DA:32,2
DA:34,2
DA:35,2
DA:36,2
DA:39,2
DA:40,2
DA:42,2
LF:25
LH:25
BRDA:34,0,0,2
BRDA:34,0,1,0
BRF:2
BRH:1
end_of_record
TN:
SF:mongo.js
FN:7,(anonymous_0)
FN:10,(anonymous_1)
FNF:2
FNH:1
FNDA:2,(anonymous_0)
FNDA:0,(anonymous_1)
DA:1,2
DA:2,2
DA:4,2
DA:5,2
DA:11,0
DA:14,2
LF:6
LH:5
BRF:0
BRH:0
end_of_record
TN:
SF:controller\blogs.js
FN:7,(anonymous_0)
FN:12,(anonymous_1)
FN:20,(anonymous_2)
FN:45,(anonymous_3)
FN:59,(anonymous_4)
FNF:5
FNH:5
FNDA:12,(anonymous_0)
FNDA:2,(anonymous_1)
FNDA:2,(anonymous_2)
FNDA:1,(anonymous_3)
FNDA:1,(anonymous_4)
DA:1,2
DA:2,2
DA:3,2
DA:7,2
DA:8,12
DA:9,12
DA:12,2
DA:13,2
DA:14,2
DA:15,1
DA:20,2
DA:21,2
DA:22,2
DA:24,2
DA:25,0
DA:28,2
DA:36,2
DA:37,2
DA:38,2
DA:40,2
DA:45,2
DA:46,1
DA:47,1
DA:48,0
DA:51,1
DA:53,1
DA:54,1
DA:59,2
DA:60,1
DA:61,1
DA:62,0
DA:65,1
DA:66,1
DA:68,1
DA:70,1
DA:71,1
DA:73,1
DA:79,1
DA:82,1
DA:85,2
LF:40
LH:37
BRDA:21,0,0,1
BRDA:24,1,0,0
BRDA:24,1,1,2
BRDA:24,2,0,2
BRDA:24,2,1,2
BRDA:47,3,0,0
BRDA:47,3,1,1
BRDA:61,4,0,0
BRDA:61,4,1,1
BRF:9
BRH:6
end_of_record
TN:
SF:controller\login.js
FN:6,(anonymous_0)
FNF:1
FNH:1
FNDA:2,(anonymous_0)
DA:1,2
DA:2,2
DA:3,2
DA:4,2
DA:6,2
DA:7,2
DA:9,2
DA:12,2
DA:14,2
DA:15,1
DA:20,1
DA:25,1
DA:28,1
DA:33,2
LF:14
LH:14
BRDA:12,0,0,1
BRDA:12,0,1,1
BRDA:14,1,0,1
BRDA:14,1,1,1
BRDA:14,2,0,2
BRDA:14,2,1,1
BRF:6
BRH:6
end_of_record
TN:
SF:controller\testing.js
FN:5,(anonymous_0)
FNF:1
FNH:0
FNDA:0,(anonymous_0)
DA:1,2
DA:2,2
DA:3,2
DA:5,2
DA:6,0
DA:7,0
DA:9,0
DA:12,2
LF:8
LH:5
BRF:0
BRH:0
end_of_record
TN:
SF:controller\users.js
FN:5,(anonymous_0)
FN:16,(anonymous_1)
FNF:2
FNH:2
FNDA:4,(anonymous_0)
FNDA:2,(anonymous_1)
DA:1,2
DA:2,2
DA:3,2
DA:5,2
DA:6,4
DA:13,4
DA:16,2
DA:17,2
DA:19,2
DA:20,2
DA:22,2
DA:28,2
DA:29,1
DA:32,2
LF:14
LH:14
BRF:0
BRH:0
end_of_record
TN:
SF:models\blogs.js
FN:23,(anonymous_0)
FN:32,(anonymous_1)
FNF:2
FNH:1
FNDA:0,(anonymous_0)
FNDA:29,(anonymous_1)
DA:1,2
DA:3,2
DA:22,2
DA:24,0
DA:26,0
DA:27,0
DA:31,2
DA:33,29
DA:34,29
DA:35,29
DA:38,2
DA:40,2
LF:12
LH:9
BRF:0
BRH:0
end_of_record
TN:
SF:models\user.js
FN:25,(anonymous_0)
FNF:1
FNH:1
FNDA:8,(anonymous_0)
DA:1,2
DA:2,2
DA:4,2
DA:22,2
DA:24,2
DA:26,8
DA:28,8
DA:29,8
DA:31,8
DA:35,2
DA:37,2
LF:11
LH:11
BRF:0
BRH:0
end_of_record
TN:
SF:utils\config.js
FNF:0
FNH:0
DA:1,2
DA:3,2
DA:5,2
DA:9,2
LF:4
LH:4
BRDA:5,0,0,2
BRDA:5,0,1,0
BRF:2
BRH:1
end_of_record
TN:
SF:utils\favoriteBlog.js
FN:1,(anonymous_0)
FN:5,(anonymous_1)
FNF:2
FNH:2
FNDA:1,(anonymous_0)
FNDA:6,(anonymous_1)
DA:1,1
DA:2,1
DA:3,1
DA:5,1
DA:6,6
DA:7,2
DA:8,2
DA:11,1
DA:14,1
LF:9
LH:9
BRDA:6,0,0,2
BRDA:6,0,1,4
BRF:2
BRH:2
end_of_record
TN:
SF:utils\helper_test.js
FN:7,(anonymous_0)
FN:12,(anonymous_1)
FNF:2
FNH:2
FNDA:4,(anonymous_0)
FNDA:11,(anonymous_1)
DA:1,2
DA:2,2
DA:4,2
DA:6,2
DA:8,4
DA:9,4
DA:13,11
DA:14,11
DA:18,2
DA:33,2
LF:10
LH:10
BRF:0
BRH:0
end_of_record
TN:
SF:utils\list_helper.js
FN:1,(anonymous_0)
FNF:1
FNH:1
FNDA:1,(anonymous_0)
DA:1,1
DA:2,1
DA:4,1
DA:7,1
LF:4
LH:4
BRF:0
BRH:0
end_of_record
TN:
SF:utils\logger.js
FN:1,(anonymous_0)
FN:7,(anonymous_1)
FNF:2
FNH:1
FNDA:111,(anonymous_0)
FNDA:0,(anonymous_1)
DA:1,2
DA:2,111
DA:3,0
DA:7,2
DA:8,0
DA:9,0
DA:13,2
LF:7
LH:4
BRDA:2,0,0,0
BRDA:2,0,1,111
BRDA:8,1,0,0
BRDA:8,1,1,0
BRF:4
BRH:1
end_of_record
TN:
SF:utils\middleware.js
FN:5,(anonymous_0)
FN:13,(anonymous_1)
FN:17,(anonymous_2)
FN:35,(anonymous_3)
FN:43,(anonymous_4)
FNF:5
FNH:4
FNDA:27,(anonymous_0)
FNDA:0,(anonymous_1)
FNDA:3,(anonymous_2)
FNDA:27,(anonymous_3)
FNDA:19,(anonymous_4)
DA:1,2
DA:2,2
DA:3,2
DA:5,2
DA:6,27
DA:7,27
DA:8,27
DA:9,27
DA:10,27
DA:13,2
DA:14,0
DA:17,2
DA:18,3
DA:20,3
DA:21,1
DA:24,2
DA:25,1
DA:28,1
DA:29,1
DA:32,0
DA:35,2
DA:36,27
DA:37,27
DA:38,4
DA:41,27
DA:43,2
DA:44,19
DA:45,14
DA:48,5
DA:50,4
DA:51,0
DA:54,4
DA:56,4
DA:57,0
DA:60,4
DA:61,4
DA:64,2
LF:37
LH:33
BRDA:20,0,0,1
BRDA:20,0,1,2
BRDA:24,1,0,1
BRDA:24,1,1,1
BRDA:28,2,0,1
BRDA:28,2,1,0
BRDA:37,3,0,4
BRDA:37,3,1,23
BRDA:37,4,0,27
BRDA:37,4,1,4
BRDA:44,5,0,14
BRDA:44,5,1,5
BRDA:50,6,0,0
BRDA:50,6,1,4
BRDA:56,7,0,0
BRDA:56,7,1,4
BRF:16
BRH:13
end_of_record
TN:
SF:utils\totalLikes.js
FN:1,(anonymous_0)
FN:4,(anonymous_1)
FNF:2
FNH:2
FNDA:3,(anonymous_0)
FNDA:7,(anonymous_1)
DA:1,1
DA:2,3
DA:4,2
DA:5,7
DA:6,7
DA:10,1
LF:6
LH:6
BRDA:2,0,0,1
BRDA:2,0,1,2
BRF:2
BRH:2
end_of_record
